<?xml version="1.0" encoding="UTF-8"?>
<testng-results skipped="0" failed="0" ignored="0" total="1" passed="1">
  <reporter-output>
  </reporter-output>
  <suite name="Default suite" duration-ms="65" started-at="2019-05-28T21:12:38Z" finished-at="2019-05-28T21:12:39Z">
    <groups>
    </groups>
    <test name="Default test" duration-ms="65" started-at="2019-05-28T21:12:38Z" finished-at="2019-05-28T21:12:39Z">
      <class name="com.class10.test">
        <test-method status="PASS" signature="helloWorld()[pri:0, instance:com.class10.test@5d5eef3d]" name="helloWorld" duration-ms="22" started-at="2019-05-28T21:12:38Z" finished-at="2019-05-28T21:12:38Z">
          <reporter-output>
          </reporter-output>
        </test-method> <!-- helloWorld -->
      </class> <!-- com.class10.test -->
    </test> <!-- Default test -->
  </suite> <!-- Default suite -->
</testng-results>
